<?xml version="1.0" encoding="UTF-8"?>
<!-- Generated by org.testng.reporters.JUnitReportReporter -->
<testsuite hostname="LTPC0K7AG1" failures="0" tests="4" name="com.qa.TestPackage.DemoTest" time="0.022" errors="0" timestamp="28 Aug 2019 08:44:27 GMT" skipped="0">
  <testcase classname="com.qa.TestPackage.DemoTest" name="multiply" time="0.002"/>
  <testcase classname="com.qa.TestPackage.DemoTest" name="sub" time="0.002"/>
  <testcase classname="com.qa.TestPackage.DemoTest" name="divide" time="0.015"/>
  <testcase classname="com.qa.TestPackage.DemoTest" name="sum" time="0.003"/>
</testsuite> <!-- com.qa.TestPackage.DemoTest -->
