<?xml version="1.0" encoding="UTF-8"?>
<!-- Generated by org.testng.reporters.JUnitReportReporter -->
<testsuite hostname="LTPC0K7AG1" failures="0" tests="4" name="com.qa.TestPackage.DemoTest" time="0.020" errors="0" timestamp="28 Aug 2019 08:48:25 GMT" skipped="0">
  <testcase classname="com.qa.TestPackage.DemoTest" name="divide" time="0.018"/>
  <testcase classname="com.qa.TestPackage.DemoTest" name="sub" time="0.001"/>
  <testcase classname="com.qa.TestPackage.DemoTest" name="sum" time="0.001"/>
  <testcase classname="com.qa.TestPackage.DemoTest" name="multiply" time="0.000"/>
</testsuite> <!-- com.qa.TestPackage.DemoTest -->
